<?xml version="1.0" encoding="UTF-8"?>
<!-- Generated by org.testng.reporters.JUnitReportReporter -->
<testsuite hostname="MIGHTYSURYA11" failures="0" tests="3" name="Run_File.MxPlayer_run" time="38.618" errors="0" timestamp="2024-09-01T15:17:56 IST" skipped="0">
  <testcase classname="Run_File.MxPlayer_run" name="login" time="29.502"/>
  <system-out/>
  <testcase classname="Run_File.MxPlayer_run" name="Notification" time="6.589"/>
  <system-out/>
  <testcase classname="Run_File.MxPlayer_run" name="switchTab" time="2.527"/>
  <system-out/>
</testsuite> <!-- Run_File.MxPlayer_run -->
